<?xml version="1.0" encoding="UTF-8"?>
<!-- Generated by org.testng.reporters.JUnitReportReporter -->
<testsuite hostname="LAPTOP-PMVA0TH7" failures="0" tests="2" name="com.restassured.Get" time="1.808" errors="0" timestamp="2021-01-13T22:49:18 EST" skipped="0">
  <testcase classname="com.restassured.Get" name="test_01" time="1.243"/>
  <system-out/>
  <testcase classname="com.restassured.Get" name="test_02" time="0.565"/>
  <system-out/>
</testsuite> <!-- com.restassured.Get -->
