<?xml version="1.0" encoding="UTF-8"?>
<!-- Generated by org.testng.reporters.JUnitReportReporter -->
<testsuite hostname="LAPTOP-PMVA0TH7" failures="0" tests="1" name="com.restassured.DeleteAssertion" time="1.682" errors="0" timestamp="2021-01-13T22:56:39 EST" skipped="0">
  <testcase classname="com.restassured.DeleteAssertion" name="test_04" time="1.682"/>
  <system-out/>
</testsuite> <!-- com.restassured.DeleteAssertion -->
