<?xml version="1.0" encoding="UTF-8"?>
<!-- Generated by org.testng.reporters.JUnitReportReporter -->
<testsuite hostname="LAPTOP-PMVA0TH7" failures="0" tests="1" name="com.restassured.GetAssertion" time="1.295" errors="0" timestamp="2021-01-13T22:54:04 EST" skipped="0">
  <testcase classname="com.restassured.GetAssertion" name="test_01" time="1.295"/>
  <system-out/>
</testsuite> <!-- com.restassured.GetAssertion -->
