<?xml version="1.0" encoding="UTF-8"?>
<!-- Generated by org.testng.reporters.JUnitReportReporter -->
<testsuite hostname="LAPTOP-PMVA0TH7" failures="0" tests="1" name="com.restassured.Delete" time="2.048" errors="0" timestamp="2021-01-13T22:51:58 EST" skipped="0">
  <testcase classname="com.restassured.Delete" name="test_02" time="2.048"/>
  <system-out/>
</testsuite> <!-- com.restassured.Delete -->
